<test-run id="2" testcasecount="0" result="Passed" start-time="2024-01-20 19:58:33.046328" end-time="2024-01-20 19:58:33.134669" duration="0" total="0" passed="0" failed="0" inconclusive="0" skipped="0" asserts="0" clr-version="3.11.5 (main, Sep 11 2023, 08:31:25) [Clang 14.0.6 ]" engine-version="3.6.2"><command-line>/Users/shivanimadhan/anaconda3/bin/pytest pyflagser</command-line><filter><test re="0">pyflagser</test></filter></test-run>